-------------------------------------------------------------------------------
Test set: com.seuprojeto.testes.AppTest
-------------------------------------------------------------------------------
Tests run: 1, Failures: 0, Errors: 1, Skipped: 0, Time elapsed: 0.088 s <<< FAILURE! - in com.seuprojeto.testes.AppTest
seleniumTest(com.seuprojeto.testes.AppTest)  Time elapsed: 0.073 s  <<< ERROR!
java.lang.IllegalStateException: The path to the driver executable must be set by the webdriver.chrome.driver system property; for more information, see https://github.com/SeleniumHQ/selenium/wiki/ChromeDriver. The latest version can be downloaded from http://chromedriver.storage.googleapis.com/index.html
	at com.seuprojeto.testes.AppTest.seleniumTest(AppTest.java:21)

